<?xml version="1.0" encoding="UTF-8"?>
<!-- Generated by org.testng.reporters.JUnitReportReporter -->
<testsuite skipped="0" hostname="sudharsan" name="com.hybrid.framework.execution.Parameterization" tests="1" failures="0" timestamp="05 Jan 2018 10:15:47 GMT" time="6.873" errors="0">
  <testcase name="TestExexution" time="6.873" classname="com.hybrid.framework.execution.Parameterization"/>
</testsuite> <!-- com.hybrid.framework.execution.Parameterization -->
