<?xml version="1.0" encoding="UTF-8"?>
<!-- Generated by org.testng.reporters.JUnitReportReporter -->
<testsuite skipped="0" hostname="KrishnaK-LAPTOP" name="com.framework.keywords.Parameterization" tests="1" failures="0" timestamp="07 Jan 2018 05:53:12 GMT" time="34.808" errors="0">
  <testcase name="TestExexution" time="34.808" classname="com.framework.keywords.Parameterization"/>
</testsuite> <!-- com.framework.keywords.Parameterization -->
