<?xml version="1.0" encoding="UTF-8"?>
<!-- Generated by org.testng.reporters.JUnitReportReporter -->
<testsuite skipped="0" hostname="sudharsan" name="com.hybrid.framework.reports.SheetUtility" tests="1" failures="0" timestamp="04 Jan 2018 11:04:51 GMT" time="1.101" errors="0">
  <testcase name="test" time="1.101" classname="com.hybrid.framework.reports.SheetUtility"/>
</testsuite> <!-- com.hybrid.framework.reports.SheetUtility -->
